<?xml version="1.0" encoding="UTF-8"?>
<robot generator="Robot 3.1.2 (Python 3.7.4 on win32)" generated="20191023 16:32:52.658" rpa="false">
<suite id="s1" name="TestLab12" source="d:\qa\WebDemo-master\demoapp\html\lab12\TestLab12.robot">
<test id="s1-t1" name="1. Open BROWSER">
<kw name="Open Browser" library="SeleniumLibrary">
<doc>Opens a new browser instance to the given ``url``.</doc>
<arguments>
<arg>${TRIANGLE URL}</arg>
<arg>${BROWSER}</arg>
</arguments>
<msg timestamp="20191023 16:32:52.817" level="INFO">Opening browser 'Chrome' to base url 'http://www.google.co.th'.</msg>
<status status="PASS" starttime="20191023 16:32:52.817" endtime="20191023 16:32:59.143"></status>
</kw>
<kw name="Set Selenium Speed" library="SeleniumLibrary">
<doc>Sets the delay that is waited after each Selenium command.</doc>
<arguments>
<arg>${DELAY}</arg>
</arguments>
<status status="PASS" starttime="20191023 16:32:59.144" endtime="20191023 16:32:59.144"></status>
</kw>
<kw name="Capture Page Screenshot" library="SeleniumLibrary">
<doc>Takes screenshot of the current page and embeds it into log file.</doc>
<msg timestamp="20191023 16:32:59.591" level="INFO" html="yes">&lt;/td&gt;&lt;/tr&gt;&lt;tr&gt;&lt;td colspan="3"&gt;&lt;a href="selenium-screenshot-13.png"&gt;&lt;img src="selenium-screenshot-13.png" width="800px"&gt;&lt;/a&gt;</msg>
<status status="PASS" starttime="20191023 16:32:59.144" endtime="20191023 16:32:59.591"></status>
</kw>
<status status="PASS" starttime="20191023 16:32:52.817" endtime="20191023 16:32:59.592" critical="yes"></status>
</test>
<test id="s1-t2" name="2. InputURL">
<kw name="Open Browser" library="SeleniumLibrary">
<doc>Opens a new browser instance to the given ``url``.</doc>
<arguments>
<arg>${TRIANGLE URL}</arg>
<arg>${BROWSER}</arg>
</arguments>
<msg timestamp="20191023 16:32:59.594" level="INFO">Opening browser 'Chrome' to base url 'http://www.google.co.th'.</msg>
<status status="PASS" starttime="20191023 16:32:59.594" endtime="20191023 16:33:06.019"></status>
</kw>
<kw name="Input Text" library="SeleniumLibrary">
<doc>Types the given ``text`` into text field identified by ``locator``.</doc>
<arguments>
<arg>q</arg>
<arg>www.cs.kku.ac.th</arg>
</arguments>
<msg timestamp="20191023 16:33:06.020" level="INFO">Typing text 'www.cs.kku.ac.th' into text field 'q'.</msg>
<status status="PASS" starttime="20191023 16:33:06.019" endtime="20191023 16:33:06.430"></status>
</kw>
<kw name="Click Button" library="SeleniumLibrary">
<doc>Clicks button identified by ``locator``.</doc>
<arguments>
<arg>btnK</arg>
</arguments>
<msg timestamp="20191023 16:33:06.430" level="INFO">Clicking button 'btnK'.</msg>
<status status="PASS" starttime="20191023 16:33:06.430" endtime="20191023 16:33:07.632"></status>
</kw>
<kw name="Page Should Contain" library="SeleniumLibrary">
<doc>Verifies that current page contains ``text``.</doc>
<arguments>
<arg>CS KKU</arg>
</arguments>
<msg timestamp="20191023 16:33:07.847" level="INFO">Current page contains text 'CS KKU'.</msg>
<status status="PASS" starttime="20191023 16:33:07.633" endtime="20191023 16:33:07.847"></status>
</kw>
<kw name="Close Browser" library="SeleniumLibrary">
<doc>Closes the current browser.</doc>
<status status="PASS" starttime="20191023 16:33:07.848" endtime="20191023 16:33:10.042"></status>
</kw>
<status status="PASS" starttime="20191023 16:32:59.593" endtime="20191023 16:33:10.043" critical="yes"></status>
</test>
<status status="PASS" starttime="20191023 16:32:52.660" endtime="20191023 16:33:10.044"></status>
</suite>
<statistics>
<total>
<stat pass="2" fail="0">Critical Tests</stat>
<stat pass="2" fail="0">All Tests</stat>
</total>
<tag>
</tag>
<suite>
<stat pass="2" fail="0" id="s1" name="TestLab12">TestLab12</stat>
</suite>
</statistics>
<errors>
</errors>
</robot>
