<?xml version="1.0" encoding="UTF-8"?>
<robot generator="Robot 3.1.2 (Python 3.7.4 on win32)" generated="20191023 16:19:28.058" rpa="false">
<suite id="s1" name="TestLab12" source="d:\qa\WebDemo-master\demoapp\html\lab12\TestLab12.robot">
<test id="s1-t1" name="1. Open BROWSER">
<kw name="Open Browser" library="SeleniumLibrary">
<doc>Opens a new browser instance to the given ``url``.</doc>
<arguments>
<arg>${TRIANGLE URL}</arg>
<arg>${BROWSER}</arg>
</arguments>
<msg timestamp="20191023 16:19:28.217" level="INFO">Opening browser 'Chrome' to base url 'http://www.google.co.th'.</msg>
<status status="PASS" starttime="20191023 16:19:28.216" endtime="20191023 16:19:34.550"></status>
</kw>
<kw name="Set Selenium Speed" library="SeleniumLibrary">
<doc>Sets the delay that is waited after each Selenium command.</doc>
<arguments>
<arg>${DELAY}</arg>
</arguments>
<status status="PASS" starttime="20191023 16:19:34.550" endtime="20191023 16:19:34.551"></status>
</kw>
<kw name="Capture Page Screenshot" library="SeleniumLibrary">
<doc>Takes screenshot of the current page and embeds it into log file.</doc>
<msg timestamp="20191023 16:19:34.948" level="INFO" html="yes">&lt;/td&gt;&lt;/tr&gt;&lt;tr&gt;&lt;td colspan="3"&gt;&lt;a href="selenium-screenshot-9.png"&gt;&lt;img src="selenium-screenshot-9.png" width="800px"&gt;&lt;/a&gt;</msg>
<status status="PASS" starttime="20191023 16:19:34.551" endtime="20191023 16:19:34.948"></status>
</kw>
<status status="PASS" starttime="20191023 16:19:28.216" endtime="20191023 16:19:34.948" critical="yes"></status>
</test>
<test id="s1-t2" name="2. InputURL">
<kw name="Open Browser" library="SeleniumLibrary">
<doc>Opens a new browser instance to the given ``url``.</doc>
<arguments>
<arg>${TRIANGLE URL}</arg>
<arg>${BROWSER}</arg>
</arguments>
<msg timestamp="20191023 16:19:34.950" level="INFO">Opening browser 'Chrome' to base url 'http://www.google.co.th'.</msg>
<status status="PASS" starttime="20191023 16:19:34.950" endtime="20191023 16:19:41.376"></status>
</kw>
<kw name="Input Text" library="SeleniumLibrary">
<doc>Types the given ``text`` into text field identified by ``locator``.</doc>
<arguments>
<arg>q</arg>
<arg>www.cs.kku.ac.th</arg>
</arguments>
<msg timestamp="20191023 16:19:41.376" level="INFO">Typing text 'www.cs.kku.ac.th' into text field 'q'.</msg>
<status status="PASS" starttime="20191023 16:19:41.376" endtime="20191023 16:19:41.779"></status>
</kw>
<kw name="Click Button" library="SeleniumLibrary">
<doc>Clicks button identified by ``locator``.</doc>
<arguments>
<arg>btnK</arg>
</arguments>
<msg timestamp="20191023 16:19:41.779" level="INFO">Clicking button 'btnK'.</msg>
<status status="PASS" starttime="20191023 16:19:41.779" endtime="20191023 16:19:42.970"></status>
</kw>
<kw name="Close Browser" library="SeleniumLibrary">
<doc>Closes the current browser.</doc>
<status status="PASS" starttime="20191023 16:19:42.970" endtime="20191023 16:19:45.183"></status>
</kw>
<status status="PASS" starttime="20191023 16:19:34.949" endtime="20191023 16:19:45.183" critical="yes"></status>
</test>
<status status="PASS" starttime="20191023 16:19:28.059" endtime="20191023 16:19:45.185"></status>
</suite>
<statistics>
<total>
<stat pass="2" fail="0">Critical Tests</stat>
<stat pass="2" fail="0">All Tests</stat>
</total>
<tag>
</tag>
<suite>
<stat pass="2" fail="0" id="s1" name="TestLab12">TestLab12</stat>
</suite>
</statistics>
<errors>
</errors>
</robot>
